SF:lib/src/velo.dart
DA:47,5
DA:52,10
DA:66,5
DA:67,15
DA:68,10
DA:69,5
DA:71,4
DA:72,2
DA:89,1
DA:92,1
LF:10
LH:10
end_of_record
SF:lib/src/multi_velo_listener.dart
DA:44,1
DA:54,1
DA:55,1
DA:56,1
DA:57,1
LF:5
LH:5
end_of_record
SF:lib/src/velo_builder.dart
DA:35,2
DA:45,1
DA:48,2
DA:50,1
DA:52,1
DA:54,2
DA:55,1
DA:56,3
DA:57,1
DA:61,1
DA:62,3
DA:63,1
LF:12
LH:12
end_of_record
SF:lib/src/velo_consumer.dart
DA:38,1
DA:48,1
DA:49,1
DA:56,1
DA:58,1
DA:60,5
DA:61,3
DA:64,0
DA:69,1
DA:71,1
DA:74,1
DA:76,1
DA:79,4
DA:80,2
DA:81,1
DA:82,1
DA:83,3
DA:86,6
DA:88,6
DA:89,0
DA:90,0
DA:94,0
DA:95,0
DA:99,1
DA:100,2
DA:101,2
DA:102,1
DA:104,4
DA:105,1
DA:106,1
DA:107,3
DA:112,1
DA:113,1
DA:114,1
DA:115,1
DA:116,1
DA:117,3
LF:37
LH:32
end_of_record
SF:lib/src/velo_listener.dart
DA:13,1
DA:23,1
DA:24,1
DA:31,1
DA:33,1
DA:35,5
DA:36,3
DA:37,3
DA:39,0
DA:44,1
DA:45,5
DA:46,2
DA:47,1
DA:49,4
DA:50,1
DA:51,3
DA:56,1
DA:57,2
DA:58,1
DA:60,0
DA:63,1
DA:66,3
DA:67,0
DA:68,0
DA:70,1
DA:73,1
LF:26
LH:22
end_of_record
